0 info it worked if it ends with ok
1 verbose cli [ 'node', '/usr/local/bin/npm', 'install', '-g', 'ios-deploy' ]
2 info using npm@2.5.1
3 info using node@v0.12.0
4 silly cache add args [ 'ios-deploy', null ]
5 verbose cache add spec ios-deploy
6 silly cache add parsed spec { raw: 'ios-deploy',
6 silly cache add   scope: null,
6 silly cache add   name: 'ios-deploy',
6 silly cache add   rawSpec: '',
6 silly cache add   spec: '*',
6 silly cache add   type: 'range' }
7 verbose addNamed ios-deploy@*
8 silly addNamed semver.valid null
9 silly addNamed semver.validRange *
10 silly addNameRange { name: 'ios-deploy', range: '*', hasData: false }
11 silly mapToRegistry name ios-deploy
12 silly mapToRegistry using default registry
13 silly mapToRegistry registry https://registry.npmjs.org/
14 silly mapToRegistry uri https://registry.npmjs.org/ios-deploy
15 verbose addNameRange registry:https://registry.npmjs.org/ios-deploy not in flight; fetching
16 verbose request uri https://registry.npmjs.org/ios-deploy
17 verbose request no auth needed
18 info attempt registry request try #1 at 12:51:54 AM
19 verbose request id d4c7695f11bc6a5e
20 verbose etag "32Z8P0IEL3B9ADIR4GPWLY6CQ"
21 http request GET https://registry.npmjs.org/ios-deploy
22 http 304 https://registry.npmjs.org/ios-deploy
23 silly get cb [ 304,
23 silly get   { date: 'Fri, 01 May 2015 21:51:55 GMT',
23 silly get     via: '1.1 varnish',
23 silly get     'last-modified': 'Fri, 01 May 2015 21:51:56 GMT',
23 silly get     'cache-control': 'max-age=60',
23 silly get     etag: '"32Z8P0IEL3B9ADIR4GPWLY6CQ"',
23 silly get     age: '0',
23 silly get     connection: 'keep-alive',
23 silly get     'x-served-by': 'cache-fra1237-FRA',
23 silly get     'x-cache': 'MISS',
23 silly get     'x-cache-hits': '0',
23 silly get     'x-timer': 'S1430517115.693816,VS0,VE426',
23 silly get     vary: 'Accept' } ]
24 verbose etag https://registry.npmjs.org/ios-deploy from cache
25 verbose get saving ios-deploy to /Users/prohor/.npm/registry.npmjs.org/ios-deploy/.cache.json
26 silly addNameRange number 2 { name: 'ios-deploy', range: '*', hasData: true }
27 silly addNameRange versions [ 'ios-deploy',
27 silly addNameRange   [ '1.0.1',
27 silly addNameRange     '1.0.2',
27 silly addNameRange     '1.0.3',
27 silly addNameRange     '1.0.4',
27 silly addNameRange     '1.0.5',
27 silly addNameRange     '1.0.6',
27 silly addNameRange     '1.0.7',
27 silly addNameRange     '1.0.8',
27 silly addNameRange     '1.0.9',
27 silly addNameRange     '1.1.0',
27 silly addNameRange     '1.2.0',
27 silly addNameRange     '1.3.0',
27 silly addNameRange     '1.3.1',
27 silly addNameRange     '1.3.2',
27 silly addNameRange     '1.4.0',
27 silly addNameRange     '1.5.0' ] ]
28 verbose addNamed ios-deploy@1.5.0
29 silly addNamed semver.valid 1.5.0
30 silly addNamed semver.validRange 1.5.0
31 silly cache afterAdd ios-deploy@1.5.0
32 verbose afterAdd /Users/prohor/.npm/ios-deploy/1.5.0/package/package.json not in flight; writing
33 verbose afterAdd /Users/prohor/.npm/ios-deploy/1.5.0/package/package.json written
34 silly install resolved [ { name: 'ios-deploy',
34 silly install resolved     version: '1.5.0',
34 silly install resolved     description: 'launch iOS apps iOS devices from the command line (Xcode 6)',
34 silly install resolved     main: 'ios-deploy',
34 silly install resolved     scripts: { preinstall: 'make ios-deploy' },
34 silly install resolved     bin: { 'ios-deploy': './ios-deploy' },
34 silly install resolved     repository: { type: 'git', url: 'https://github.com/phonegap/ios-deploy' },
34 silly install resolved     keywords: [ 'ios-deploy', 'deploy to iOS device' ],
34 silly install resolved     author: { name: 'Greg Hughes' },
34 silly install resolved     license: 'GPLv3',
34 silly install resolved     gitHead: '5efdcae8cec80f6fd15dc31f1b319585ac14b8aa',
34 silly install resolved     bugs: { url: 'https://github.com/phonegap/ios-deploy/issues' },
34 silly install resolved     homepage: 'https://github.com/phonegap/ios-deploy',
34 silly install resolved     _id: 'ios-deploy@1.5.0',
34 silly install resolved     _shasum: 'bd4d45266027afebe49e1755370e6d14296179a3',
34 silly install resolved     _from: 'ios-deploy@*',
34 silly install resolved     _npmVersion: '2.5.1',
34 silly install resolved     _nodeVersion: '0.12.0',
34 silly install resolved     _npmUser: { name: 'shazron', email: 'shazron@gmail.com' },
34 silly install resolved     maintainers: [ [Object], [Object], [Object] ],
34 silly install resolved     dist:
34 silly install resolved      { shasum: 'bd4d45266027afebe49e1755370e6d14296179a3',
34 silly install resolved        tarball: 'http://registry.npmjs.org/ios-deploy/-/ios-deploy-1.5.0.tgz' },
34 silly install resolved     directories: {},
34 silly install resolved     _resolved: 'https://registry.npmjs.org/ios-deploy/-/ios-deploy-1.5.0.tgz',
34 silly install resolved     readme: 'ERROR: No README data found!' } ]
35 info install ios-deploy@1.5.0 into /usr/local/lib
36 info installOne ios-deploy@1.5.0
37 verbose installOne of ios-deploy to /usr/local/lib not in flight; installing
38 warn locking Error: EACCES, open '/Users/prohor/.npm/_locks/ios-deploy-198957223cd98201.lock'
38 warn locking     at Error (native)
38 warn locking  /Users/prohor/.npm/_locks/ios-deploy-198957223cd98201.lock failed { [Error: EACCES, open '/Users/prohor/.npm/_locks/ios-deploy-198957223cd98201.lock']
38 warn locking   errno: -13,
38 warn locking   code: 'EACCES',
38 warn locking   path: '/Users/prohor/.npm/_locks/ios-deploy-198957223cd98201.lock' }
39 verbose stack Error: Attempt to unlock /usr/local/lib/node_modules/ios-deploy, which hasn't been locked
39 verbose stack     at unlock (/usr/local/lib/node_modules/npm/lib/utils/locker.js:66:11)
39 verbose stack     at cb (/usr/local/lib/node_modules/npm/lib/install.js:929:5)
39 verbose stack     at /usr/local/lib/node_modules/npm/lib/install.js:933:20
39 verbose stack     at /usr/local/lib/node_modules/npm/lib/utils/locker.js:40:9
39 verbose stack     at cb (/usr/local/lib/node_modules/npm/node_modules/lockfile/lockfile.js:149:38)
39 verbose stack     at /usr/local/lib/node_modules/npm/node_modules/lockfile/lockfile.js:177:38
39 verbose stack     at FSReqWrap.oncomplete (fs.js:99:15)
40 verbose cwd /Users/prohor/Code/use-mathematics-2015
41 error Darwin 14.3.0
42 error argv "node" "/usr/local/bin/npm" "install" "-g" "ios-deploy"
43 error node v0.12.0
44 error npm  v2.5.1
45 error Attempt to unlock /usr/local/lib/node_modules/ios-deploy, which hasn't been locked
46 error If you need help, you may report this error at:
46 error     <http://github.com/npm/npm/issues>
47 verbose exit [ 1, true ]
