2015-05-02 00:46:33.977 Математика ЕГЭ 2015[2602:63671] DiskCookieStorage changing policy from 2 to 0, cookie file: file:///Users/prohor/Library/Developer/CoreSimulator/Devices/298510A7-FAB2-4F40-8140-E3466E03E66F/data/Containers/Data/Application/757E613E-DBB1-486C-B1A9-8A58105CDB10/Library/Cookies/Cookies.binarycookies
2015-05-02 00:46:34.523 Математика ЕГЭ 2015[2602:63671] Apache Cordova native platform version 3.8.0 is starting.
2015-05-02 00:46:34.524 Математика ЕГЭ 2015[2602:63671] Multi-tasking -> Device: YES, App: YES
2015-05-02 00:46:34.547 Математика ЕГЭ 2015[2602:63671] Unlimited access to network resources
2015-05-02 00:46:34.562 Математика ЕГЭ 2015[2602:63671] 

Started backup to iCloud! Please be careful.
Your application might be rejected by Apple if you store too much data.
For more information please read "iOS Data Storage Guidelines" at:
https://developer.apple.com/icloud/documentation/data-storage/
To disable web storage backup to iCloud, set the BackupWebStorage preference to "local" in the Cordova config.xml file

2015-05-02 00:46:35.698 Математика ЕГЭ 2015[2602:63671] Resetting plugins due to page load.
2015-05-02 00:46:38.443 Математика ЕГЭ 2015[2602:63671] Finished load of: file:///Users/prohor/Library/Developer/CoreSimulator/Devices/298510A7-FAB2-4F40-8140-E3466E03E66F/data/Containers/Bundle/Application/B818B933-F7A2-4D5B-A038-BD08A11C08E6/%D0%9C%D0%B0%D1%82%D0%B5%D0%BC%D0%B0%D1%82%D0%B8%D0%BA%D0%B0%20%D0%95%D0%93%D0%AD%202015.app/www/index.html
2015-05-02 00:46:56.540 Математика ЕГЭ 2015[2602:63671] Resetting plugins due to page load.
2015-05-02 00:46:56.587 Математика ЕГЭ 2015[2602:63671] Finished load of: file:///Users/prohor/Library/Developer/CoreSimulator/Devices/298510A7-FAB2-4F40-8140-E3466E03E66F/data/Containers/Bundle/Application/B818B933-F7A2-4D5B-A038-BD08A11C08E6/%D0%9C%D0%B0%D1%82%D0%B5%D0%BC%D0%B0%D1%82%D0%B8%D0%BA%D0%B0%20%D0%95%D0%93%D0%AD%202015.app/www/themes_list.html
2015-05-02 00:47:00.843 Математика ЕГЭ 2015[2602:63671] Resetting plugins due to page load.
2015-05-02 00:47:00.952 Математика ЕГЭ 2015[2602:63671] Finished load of: file:///Users/prohor/Library/Developer/CoreSimulator/Devices/298510A7-FAB2-4F40-8140-E3466E03E66F/data/Containers/Bundle/Application/B818B933-F7A2-4D5B-A038-BD08A11C08E6/%D0%9C%D0%B0%D1%82%D0%B5%D0%BC%D0%B0%D1%82%D0%B8%D0%BA%D0%B0%20%D0%95%D0%93%D0%AD%202015.app/www/B1/theme.html
2015-05-02 00:47:04.444 Математика ЕГЭ 2015[2602:63671] Resetting plugins due to page load.
2015-05-02 00:47:04.487 Математика ЕГЭ 2015[2602:63671] Finished load of: file:///Users/prohor/Library/Developer/CoreSimulator/Devices/298510A7-FAB2-4F40-8140-E3466E03E66F/data/Containers/Bundle/Application/B818B933-F7A2-4D5B-A038-BD08A11C08E6/%D0%9C%D0%B0%D1%82%D0%B5%D0%BC%D0%B0%D1%82%D0%B8%D0%BA%D0%B0%20%D0%95%D0%93%D0%AD%202015.app/www/B1/exercise.html
2015-05-02 00:47:40.433 Математика ЕГЭ 2015[2602:63671] CDVWebViewDelegate: Navigation started when state=1
2015-05-02 00:47:40.433 Математика ЕГЭ 2015[2602:63671] Failed to load webpage with error: CDVWebViewDelegate: Navigation started when state=1
2015-05-02 00:47:40.434 Математика ЕГЭ 2015[2602:63671] Resetting plugins due to page load.
2015-05-02 00:47:40.462 Математика ЕГЭ 2015[2602:63671] Finished load of: file:///Users/prohor/Library/Developer/CoreSimulator/Devices/298510A7-FAB2-4F40-8140-E3466E03E66F/data/Containers/Bundle/Application/B818B933-F7A2-4D5B-A038-BD08A11C08E6/%D0%9C%D0%B0%D1%82%D0%B5%D0%BC%D0%B0%D1%82%D0%B8%D0%BA%D0%B0%20%D0%95%D0%93%D0%AD%202015.app/www/B1/formulas.html
2015-05-02 00:49:00.576 Математика ЕГЭ 2015[2602:64510] Terminating since there is no system app.
